{
  "stats": {
    "suites": 1,
    "tests": 1,
    "passes": 1,
    "pending": 0,
    "failures": 0,
    "start": "2018-05-28T20:28:45.414Z",
    "end": "2018-05-28T20:28:45.417Z",
    "duration": 3
  },
  "tests": [
    {
      "title": "should be able to initiate the api",
      "fullTitle": "MessageApiClient should be able to initiate the api",
      "duration": 1,
      "currentRetry": 0,
      "err": {}
    }
  ],
  "pending": [],
  "failures": [],
  "passes": [
    {
      "title": "should be able to initiate the api",
      "fullTitle": "MessageApiClient should be able to initiate the api",
      "duration": 1,
      "currentRetry": 0,
      "err": {}
    }
  ]
}